<?xml version="1.0" encoding="UTF-8"?>
<!-- Generated by org.testng.reporters.JUnitXMLReporter -->
<testsuite ignored="0" hostname="FBL-007L3305859" failures="0" tests="4" name="Default test" time="35.172" errors="0" timestamp="2025-01-13T11:54:46 IST">
  <testcase classname="Listener.demo.Ilistner" name="loginToApplication" time="23.374"/>
  <testcase classname="Listener.demo.Ilistner" name="testAdmin" time="7.52"/>
  <testcase classname="Listener.demo.Ilistner" name="logout" time="3.747"/>
  <testcase classname="Listener.demo.Ilistner" name="webclose" time="0.441"/>
</testsuite> <!-- Default test -->
