<?xml version="1.0" encoding="UTF-8"?>
<!-- Generated by org.testng.reporters.JUnitXMLReporter -->
<testsuite ignored="0" hostname="FBL-007L3305859" failures="0" tests="4" name="regression" time="30.316" errors="0" timestamp="2025-01-11T20:55:12 IST">
  <testcase classname="Listener.demo.Ilistner" name="loginToApplication" time="20.185"/>
  <testcase classname="Listener.demo.Ilistner" name="testAdmin" time="6.959"/>
  <testcase classname="Listener.demo.Ilistner" name="logout" time="2.978"/>
  <testcase classname="Listener.demo.Ilistner" name="webclose" time="0.14"/>
</testsuite> <!-- regression -->
