<?xml version="1.0" encoding="UTF-8"?>
<!-- Generated by org.testng.reporters.JUnitXMLReporter -->
<testsuite ignored="1" hostname="FBL-007L3305859" failures="0" tests="2" name="Test" time="3.923" errors="0" timestamp="2025-01-13T16:51:54 IST">
  <testcase classname="com.orange.hrm.test.LoginTest" name="loginWithValidUserNameAndValidPassword" time="2.038"/>
  <testcase classname="com.orange.hrm.test.HomePageTest" name="logout" time="1.848"/>
  <testcase classname="com.orange.hrm.test.BaseTest" name="@BeforeSuite initDriver" time="0.0">
    <ignored/>
  </testcase> <!-- @BeforeSuite initDriver -->
</testsuite> <!-- Test -->
