<?xml version="1.0" encoding="UTF-8"?>
<!-- Generated by org.testng.reporters.JUnitXMLReporter -->
<testsuite ignored="1" hostname="FBL-007L3305859" failures="0" tests="2" name="orangehrm" time="18.197" errors="0" timestamp="2025-01-17T18:51:56 IST">
  <testcase classname="testng.demo.xmlfile" name="loginToApplication" time="15.401"/>
  <testcase classname="testng.demo.xmlfile" name="searchLeave" time="2.762"/>
  <testcase classname="testng.demo.xmlfile" name="logout" time="0.0">
    <ignored/>
  </testcase> <!-- logout -->
</testsuite> <!-- orangehrm -->
