<?xml version="1.0" encoding="UTF-8"?>
<!-- Generated by org.testng.reporters.JUnitXMLReporter -->
<testsuite ignored="2" hostname="FBL-007L3305859" failures="0" tests="1" name="Test1" time="15.92" errors="0" timestamp="2025-01-10T12:12:27 IST">
  <testcase classname="testng.demo.xmlfile" name="loginToApplication" time="15.875"/>
  <testcase classname="testng.demo.xmlfile" name="logout" time="0.0">
    <ignored/>
  </testcase> <!-- logout -->
  <testcase classname="testng.demo.xmlfile" name="searchLeave" time="0.0">
    <ignored/>
  </testcase> <!-- searchLeave -->
</testsuite> <!-- Test1 -->
