<?xml version="1.0" encoding="UTF-8"?>
<testng-results ignored="0" total="2" passed="2" failed="0" skipped="0">
  <reporter-output>
  </reporter-output>
  <suite started-at="2025-01-17T18:51:38 IST" name="sampleSuite" finished-at="2025-01-17T18:51:56 IST" duration-ms="18197">
    <groups>
    </groups>
    <test started-at="2025-01-17T18:51:38 IST" name="orangehrm" finished-at="2025-01-17T18:51:56 IST" duration-ms="18197">
      <class name="testng.demo.xmlfile">
        <test-method signature="loginToApplication()[pri:1, instance:testng.demo.xmlfile@10683d9d]" started-at="2025-01-17T18:51:38 IST" name="loginToApplication" finished-at="2025-01-17T18:51:53 IST" duration-ms="15401" status="PASS">
          <reporter-output>
          </reporter-output>
        </test-method> <!-- loginToApplication -->
        <test-method signature="searchLeave()[pri:2, instance:testng.demo.xmlfile@10683d9d]" started-at="2025-01-17T18:51:53 IST" name="searchLeave" finished-at="2025-01-17T18:51:56 IST" duration-ms="2762" status="PASS">
          <reporter-output>
          </reporter-output>
        </test-method> <!-- searchLeave -->
      </class> <!-- testng.demo.xmlfile -->
    </test> <!-- orangehrm -->
  </suite> <!-- sampleSuite -->
</testng-results>
