<?xml version="1.0" encoding="UTF-8"?>
<testng-results ignored="0" total="2" passed="2" failed="0" skipped="0">
  <reporter-output>
  </reporter-output>
  <suite started-at="2025-01-13T16:51:50 IST" name="Suite" finished-at="2025-01-13T16:51:54 IST" duration-ms="3923">
    <groups>
    </groups>
    <test started-at="2025-01-13T16:51:50 IST" name="Test" finished-at="2025-01-13T16:51:54 IST" duration-ms="3923">
      <class name="com.orange.hrm.test.LoginTest">
        <test-method is-config="true" signature="initDriver()[pri:0, instance:com.orange.hrm.test.LoginTest@fa4c865]" started-at="2025-01-13T16:51:45 IST" name="initDriver" finished-at="2025-01-13T16:51:50 IST" duration-ms="5164" status="PASS">
          <reporter-output>
          </reporter-output>
        </test-method> <!-- initDriver -->
        <test-method signature="loginWithValidUserNameAndValidPassword()[pri:0, instance:com.orange.hrm.test.LoginTest@fa4c865]" started-at="2025-01-13T16:51:50 IST" name="loginWithValidUserNameAndValidPassword" finished-at="2025-01-13T16:51:52 IST" duration-ms="2038" status="PASS">
          <reporter-output>
          </reporter-output>
        </test-method> <!-- loginWithValidUserNameAndValidPassword -->
      </class> <!-- com.orange.hrm.test.LoginTest -->
      <class name="com.orange.hrm.test.HomePageTest">
        <test-method signature="logout()[pri:0, instance:com.orange.hrm.test.HomePageTest@5e5d171f]" started-at="2025-01-13T16:51:52 IST" name="logout" finished-at="2025-01-13T16:51:54 IST" duration-ms="1848" status="PASS">
          <reporter-output>
          </reporter-output>
        </test-method> <!-- logout -->
      </class> <!-- com.orange.hrm.test.HomePageTest -->
    </test> <!-- Test -->
  </suite> <!-- Suite -->
</testng-results>
